c:\andrew\aie\subjects\programming\c++\projects\introduction to c++\projects\player profile database\debug\vc142.pdb
c:\andrew\aie\subjects\programming\c++\projects\introduction to c++\projects\player profile database\debug\vc142.idb
c:\andrew\aie\subjects\programming\c++\projects\introduction to c++\projects\player profile database\debug\player.obj
c:\andrew\aie\subjects\programming\c++\projects\introduction to c++\projects\player profile database\debug\player profile database main.obj
c:\andrew\aie\subjects\programming\c++\projects\introduction to c++\projects\player profile database\debug\database_tools.obj
c:\andrew\aie\subjects\programming\c++\projects\introduction to c++\debug\player profile database.exe
c:\andrew\aie\subjects\programming\c++\projects\introduction to c++\debug\player profile database.ilk
c:\andrew\aie\subjects\programming\c++\projects\introduction to c++\debug\player profile database.pdb
c:\andrew\aie\subjects\programming\c++\projects\introduction to c++\projects\player profile database\debug\player profile database main.obj.enc
c:\andrew\aie\subjects\programming\c++\projects\introduction to c++\projects\player profile database\debug\player p.320a47d6.tlog\cl.command.1.tlog
c:\andrew\aie\subjects\programming\c++\projects\introduction to c++\projects\player profile database\debug\player p.320a47d6.tlog\cl.read.1.tlog
c:\andrew\aie\subjects\programming\c++\projects\introduction to c++\projects\player profile database\debug\player p.320a47d6.tlog\cl.write.1.tlog
c:\andrew\aie\subjects\programming\c++\projects\introduction to c++\projects\player profile database\debug\player p.320a47d6.tlog\link-cvtres.read.1.tlog
c:\andrew\aie\subjects\programming\c++\projects\introduction to c++\projects\player profile database\debug\player p.320a47d6.tlog\link-cvtres.write.1.tlog
c:\andrew\aie\subjects\programming\c++\projects\introduction to c++\projects\player profile database\debug\player p.320a47d6.tlog\link-rc.read.1.tlog
c:\andrew\aie\subjects\programming\c++\projects\introduction to c++\projects\player profile database\debug\player p.320a47d6.tlog\link-rc.write.1.tlog
c:\andrew\aie\subjects\programming\c++\projects\introduction to c++\projects\player profile database\debug\player p.320a47d6.tlog\link.30440-cvtres.read.1.tlog
c:\andrew\aie\subjects\programming\c++\projects\introduction to c++\projects\player profile database\debug\player p.320a47d6.tlog\link.30440-cvtres.write.1.tlog
c:\andrew\aie\subjects\programming\c++\projects\introduction to c++\projects\player profile database\debug\player p.320a47d6.tlog\link.30440-rc.read.1.tlog
c:\andrew\aie\subjects\programming\c++\projects\introduction to c++\projects\player profile database\debug\player p.320a47d6.tlog\link.30440-rc.write.1.tlog
c:\andrew\aie\subjects\programming\c++\projects\introduction to c++\projects\player profile database\debug\player p.320a47d6.tlog\link.30440.read.1.tlog
c:\andrew\aie\subjects\programming\c++\projects\introduction to c++\projects\player profile database\debug\player p.320a47d6.tlog\link.30440.write.1.tlog
c:\andrew\aie\subjects\programming\c++\projects\introduction to c++\projects\player profile database\debug\player p.320a47d6.tlog\link.command.1.tlog
c:\andrew\aie\subjects\programming\c++\projects\introduction to c++\projects\player profile database\debug\player p.320a47d6.tlog\link.read.1.tlog
c:\andrew\aie\subjects\programming\c++\projects\introduction to c++\projects\player profile database\debug\player p.320a47d6.tlog\link.write.1.tlog
